2022-06-19T16:26:16+00:00 FATAL maltslist index database file doesn't exist
2022-06-19T16:32:37+00:00 INFO  maltslist index Trying to query database for current list data
2022-06-19T16:32:37+00:00 INFO  maltslist index Successfully queried database for current list data
2022-06-19T16:32:37+00:00 INFO  maltslist index Trying to query database for last timestamp
2022-06-19T16:32:37+00:00 INFO  maltslist index Successfully queried database for last timestamp
2022-06-19T16:33:25+00:00 INFO  maltslist index Trying to query database for current list data
2022-06-19T16:33:25+00:00 INFO  maltslist index Successfully queried database for current list data
2022-06-19T16:33:25+00:00 INFO  maltslist index Trying to query database for last timestamp
2022-06-19T16:33:25+00:00 INFO  maltslist index Successfully queried database for last timestamp
2022-06-19T16:33:26+00:00 INFO  maltslist index Trying to query database for current list data
2022-06-19T16:33:26+00:00 INFO  maltslist index Successfully queried database for current list data
2022-06-19T16:33:26+00:00 INFO  maltslist index Trying to query database for last timestamp
2022-06-19T16:33:26+00:00 INFO  maltslist index Successfully queried database for last timestamp
2022-06-19T16:33:27+00:00 INFO  maltslist index Trying to query database for current list data
2022-06-19T16:33:27+00:00 INFO  maltslist index Successfully queried database for current list data
2022-06-19T16:33:27+00:00 INFO  maltslist index Trying to query database for last timestamp
2022-06-19T16:33:27+00:00 INFO  maltslist index Successfully queried database for last timestamp
2022-06-19T16:33:28+00:00 INFO  maltslist index Trying to query database for current list data
2022-06-19T16:33:28+00:00 INFO  maltslist index Successfully queried database for current list data
2022-06-19T16:33:28+00:00 INFO  maltslist index Trying to query database for last timestamp
2022-06-19T16:33:28+00:00 INFO  maltslist index Successfully queried database for last timestamp
2022-06-19T16:33:29+00:00 INFO  maltslist index Trying to query database for current list data
2022-06-19T16:33:29+00:00 INFO  maltslist index Successfully queried database for current list data
2022-06-19T16:33:29+00:00 INFO  maltslist index Trying to query database for last timestamp
2022-06-19T16:33:29+00:00 INFO  maltslist index Successfully queried database for last timestamp
2022-06-19T16:33:30+00:00 INFO  maltslist index Trying to query database for current list data
2022-06-19T16:33:30+00:00 INFO  maltslist index Successfully queried database for current list data
2022-06-19T16:33:30+00:00 INFO  maltslist index Trying to query database for last timestamp
2022-06-19T16:33:30+00:00 INFO  maltslist index Successfully queried database for last timestamp
2022-06-19T16:33:30+00:00 INFO  maltslist index Trying to query database for current list data
2022-06-19T16:33:30+00:00 INFO  maltslist index Successfully queried database for current list data
2022-06-19T16:33:30+00:00 INFO  maltslist index Trying to query database for last timestamp
2022-06-19T16:33:30+00:00 INFO  maltslist index Successfully queried database for last timestamp
2022-06-19T16:34:33+00:00 INFO  maltslist index Trying to query database for current list data
2022-06-19T16:34:33+00:00 INFO  maltslist index Successfully queried database for current list data
2022-06-19T16:34:33+00:00 INFO  maltslist index Trying to query database for last timestamp
2022-06-19T16:34:33+00:00 INFO  maltslist index Successfully queried database for last timestamp
2022-06-19T16:34:33+00:00 INFO  maltslist index Trying to query database for current list data
2022-06-19T16:34:33+00:00 INFO  maltslist index Successfully queried database for current list data
2022-06-19T16:34:33+00:00 INFO  maltslist index Trying to query database for last timestamp
2022-06-19T16:34:33+00:00 INFO  maltslist index Successfully queried database for last timestamp
2022-06-19T16:34:33+00:00 INFO  maltslist index Trying to query database for current list data
2022-06-19T16:34:33+00:00 INFO  maltslist index Successfully queried database for current list data
2022-06-19T16:34:33+00:00 INFO  maltslist index Trying to query database for last timestamp
2022-06-19T16:34:33+00:00 INFO  maltslist index Successfully queried database for last timestamp
2022-06-19T16:36:34+00:00 INFO  maltslist index Trying to query database for current list data
2022-06-19T16:36:34+00:00 INFO  maltslist index Successfully queried database for current list data
2022-06-19T16:36:34+00:00 INFO  maltslist index Trying to query database for last timestamp
2022-06-19T16:36:34+00:00 INFO  maltslist index Successfully queried database for last timestamp
2022-06-19T16:36:38+00:00 INFO  maltslist index Trying to query database for current list data
2022-06-19T16:36:38+00:00 INFO  maltslist index Successfully queried database for current list data
2022-06-19T16:36:38+00:00 INFO  maltslist index Trying to query database for last timestamp
2022-06-19T16:36:38+00:00 INFO  maltslist index Successfully queried database for last timestamp
2022-06-19T16:36:39+00:00 INFO  maltslist index Trying to query database for current list data
2022-06-19T16:36:39+00:00 INFO  maltslist index Successfully queried database for current list data
2022-06-19T16:36:39+00:00 INFO  maltslist index Trying to query database for last timestamp
2022-06-19T16:36:39+00:00 INFO  maltslist index Successfully queried database for last timestamp
2022-06-19T16:37:17+00:00 INFO  maltslist add-entry add-entry.php POST request received
2022-06-19T16:37:17+00:00 INFO  maltslist add-entry Trying to query database for current list data
2022-06-19T16:37:17+00:00 INFO  maltslist add-entry Successfully queried database for current list data
2022-06-19T16:37:17+00:00 INFO  maltslist add-entry Trying to check for add-entry or remove-entry
2022-06-19T16:37:17+00:00 INFO  maltslist add-entry Got add-entry
2022-06-19T16:37:17+00:00 INFO  maltslist add-entry Trying to INSERT new data to database
2022-06-19T16:37:17+00:00 INFO  maltslist add-entry Successfully added new entry: title - "Twilight (2008)" to database
2022-06-19T16:37:17+00:00 INFO  maltslist index Trying to query database for current list data
2022-06-19T16:37:17+00:00 INFO  maltslist index Successfully queried database for current list data
2022-06-19T16:37:17+00:00 INFO  maltslist index Trying to query database for last timestamp
2022-06-19T16:37:17+00:00 INFO  maltslist index Successfully queried database for last timestamp
2022-06-19T16:37:29+00:00 INFO  maltslist add-entry add-entry.php POST request received
2022-06-19T16:37:29+00:00 INFO  maltslist add-entry Trying to query database for current list data
2022-06-19T16:37:29+00:00 INFO  maltslist add-entry Successfully queried database for current list data
2022-06-19T16:37:29+00:00 INFO  maltslist add-entry Trying to check for add-entry or remove-entry
2022-06-19T16:37:29+00:00 INFO  maltslist add-entry Got add-entry
2022-06-19T16:37:29+00:00 INFO  maltslist add-entry Trying to INSERT new data to database
2022-06-19T16:37:29+00:00 INFO  maltslist add-entry Successfully added new entry: title - "The Twilight Saga: New Moon (2009)" to database
2022-06-19T16:37:29+00:00 INFO  maltslist index Trying to query database for current list data
2022-06-19T16:37:29+00:00 INFO  maltslist index Successfully queried database for current list data
2022-06-19T16:37:29+00:00 INFO  maltslist index Trying to query database for last timestamp
2022-06-19T16:37:29+00:00 INFO  maltslist index Successfully queried database for last timestamp
2022-06-19T16:37:41+00:00 INFO  maltslist add-entry add-entry.php POST request received
2022-06-19T16:37:41+00:00 INFO  maltslist add-entry Trying to query database for current list data
2022-06-19T16:37:41+00:00 INFO  maltslist add-entry Successfully queried database for current list data
2022-06-19T16:37:41+00:00 INFO  maltslist add-entry Trying to check for add-entry or remove-entry
2022-06-19T16:37:41+00:00 INFO  maltslist add-entry Got add-entry
2022-06-19T16:37:41+00:00 INFO  maltslist add-entry Trying to INSERT new data to database
2022-06-19T16:37:41+00:00 INFO  maltslist add-entry Successfully added new entry: title - "The Twilight Saga: Eclipse (2010)" to database
2022-06-19T16:37:41+00:00 INFO  maltslist index Trying to query database for current list data
2022-06-19T16:37:41+00:00 INFO  maltslist index Successfully queried database for current list data
2022-06-19T16:37:41+00:00 INFO  maltslist index Trying to query database for last timestamp
2022-06-19T16:37:41+00:00 INFO  maltslist index Successfully queried database for last timestamp
2022-06-19T16:37:50+00:00 INFO  maltslist add-entry add-entry.php POST request received
2022-06-19T16:37:50+00:00 INFO  maltslist add-entry Trying to query database for current list data
2022-06-19T16:37:50+00:00 INFO  maltslist add-entry Successfully queried database for current list data
2022-06-19T16:37:50+00:00 INFO  maltslist add-entry Trying to check for add-entry or remove-entry
2022-06-19T16:37:50+00:00 INFO  maltslist add-entry Got add-entry
2022-06-19T16:37:50+00:00 INFO  maltslist add-entry Trying to INSERT new data to database
2022-06-19T16:37:50+00:00 INFO  maltslist add-entry Successfully added new entry: title - "The Twilight Saga: Breaking Dawn – Part 1 (2011)" to database
2022-06-19T16:37:50+00:00 INFO  maltslist index Trying to query database for current list data
2022-06-19T16:37:50+00:00 INFO  maltslist index Successfully queried database for current list data
2022-06-19T16:37:50+00:00 INFO  maltslist index Trying to query database for last timestamp
2022-06-19T16:37:50+00:00 INFO  maltslist index Successfully queried database for last timestamp
2022-06-19T16:37:58+00:00 INFO  maltslist add-entry add-entry.php POST request received
2022-06-19T16:37:58+00:00 INFO  maltslist add-entry Trying to query database for current list data
2022-06-19T16:37:58+00:00 INFO  maltslist add-entry Successfully queried database for current list data
2022-06-19T16:37:58+00:00 INFO  maltslist add-entry Trying to check for add-entry or remove-entry
2022-06-19T16:37:58+00:00 INFO  maltslist add-entry Got add-entry
2022-06-19T16:37:58+00:00 INFO  maltslist add-entry Trying to INSERT new data to database
2022-06-19T16:37:58+00:00 INFO  maltslist add-entry Successfully added new entry: title - "The Twilight Saga: Breaking Dawn – Part 2 (2012)" to database
2022-06-19T16:37:58+00:00 INFO  maltslist index Trying to query database for current list data
2022-06-19T16:37:58+00:00 INFO  maltslist index Successfully queried database for current list data
2022-06-19T16:37:58+00:00 INFO  maltslist index Trying to query database for last timestamp
2022-06-19T16:37:58+00:00 INFO  maltslist index Successfully queried database for last timestamp
2022-06-19T16:38:51+00:00 INFO  maltslist add-entry add-entry.php POST request received
2022-06-19T16:38:51+00:00 INFO  maltslist add-entry Trying to query database for current list data
2022-06-19T16:38:51+00:00 INFO  maltslist add-entry Successfully queried database for current list data
2022-06-19T16:38:51+00:00 INFO  maltslist add-entry Trying to check for add-entry or remove-entry
2022-06-19T16:38:51+00:00 INFO  maltslist add-entry Got add-entry
2022-06-19T16:38:51+00:00 INFO  maltslist add-entry Trying to INSERT new data to database
2022-06-19T16:38:51+00:00 INFO  maltslist add-entry Successfully added new entry: title - "Spiderhead (2022)" to database
2022-06-19T16:38:51+00:00 INFO  maltslist index Trying to query database for current list data
2022-06-19T16:38:51+00:00 INFO  maltslist index Successfully queried database for current list data
2022-06-19T16:38:51+00:00 INFO  maltslist index Trying to query database for last timestamp
2022-06-19T16:38:51+00:00 INFO  maltslist index Successfully queried database for last timestamp
2022-06-19T16:39:37+00:00 INFO  maltslist add-entry add-entry.php POST request received
2022-06-19T16:39:37+00:00 INFO  maltslist add-entry Trying to query database for current list data
2022-06-19T16:39:37+00:00 INFO  maltslist add-entry Successfully queried database for current list data
2022-06-19T16:39:37+00:00 INFO  maltslist add-entry Trying to check for add-entry or remove-entry
2022-06-19T16:39:37+00:00 INFO  maltslist add-entry Got add-entry
2022-06-19T16:39:37+00:00 INFO  maltslist add-entry Trying to INSERT new data to database
2022-06-19T16:39:37+00:00 INFO  maltslist add-entry Successfully added new entry: title - "Desperate Measures (1998)" to database
2022-06-19T16:39:37+00:00 INFO  maltslist index Trying to query database for current list data
2022-06-19T16:39:37+00:00 INFO  maltslist index Successfully queried database for current list data
2022-06-19T16:39:37+00:00 INFO  maltslist index Trying to query database for last timestamp
2022-06-19T16:39:37+00:00 INFO  maltslist index Successfully queried database for last timestamp
2022-06-19T16:39:38+00:00 INFO  maltslist index Trying to query database for current list data
2022-06-19T16:39:38+00:00 INFO  maltslist index Successfully queried database for current list data
2022-06-19T16:39:38+00:00 INFO  maltslist index Trying to query database for last timestamp
2022-06-19T16:39:38+00:00 INFO  maltslist index Successfully queried database for last timestamp
2022-06-19T16:42:20+00:00 INFO  maltslist add-entry add-entry.php POST request received
2022-06-19T16:42:20+00:00 INFO  maltslist add-entry Trying to query database for current list data
2022-06-19T16:42:20+00:00 INFO  maltslist add-entry Successfully queried database for current list data
2022-06-19T16:42:20+00:00 INFO  maltslist add-entry Trying to check for add-entry or remove-entry
2022-06-19T16:42:20+00:00 INFO  maltslist add-entry Got add-entry
2022-06-19T16:42:20+00:00 INFO  maltslist add-entry Trying to INSERT new data to database
2022-06-19T16:42:20+00:00 INFO  maltslist add-entry Successfully added new entry: title - "Westworld (2016) S01" to database
2022-06-19T16:42:21+00:00 INFO  maltslist index Trying to query database for current list data
2022-06-19T16:42:21+00:00 INFO  maltslist index Successfully queried database for current list data
2022-06-19T16:42:21+00:00 INFO  maltslist index Trying to query database for last timestamp
2022-06-19T16:42:21+00:00 INFO  maltslist index Successfully queried database for last timestamp
2022-06-19T16:42:52+00:00 INFO  maltslist index Trying to query database for current list data
2022-06-19T16:42:52+00:00 INFO  maltslist index Successfully queried database for current list data
2022-06-19T16:42:52+00:00 INFO  maltslist index Trying to query database for last timestamp
2022-06-19T16:42:52+00:00 INFO  maltslist index Successfully queried database for last timestamp
2022-06-19T16:42:54+00:00 INFO  maltslist index Trying to query database for current list data
2022-06-19T16:42:54+00:00 INFO  maltslist index Successfully queried database for current list data
2022-06-19T16:42:54+00:00 INFO  maltslist index Trying to query database for last timestamp
2022-06-19T16:42:54+00:00 INFO  maltslist index Successfully queried database for last timestamp
2022-06-19T16:42:54+00:00 INFO  maltslist index Trying to query database for current list data
2022-06-19T16:42:54+00:00 INFO  maltslist index Successfully queried database for current list data
2022-06-19T16:42:54+00:00 INFO  maltslist index Trying to query database for last timestamp
2022-06-19T16:42:54+00:00 INFO  maltslist index Successfully queried database for last timestamp
2022-06-19T16:42:55+00:00 INFO  maltslist index Trying to query database for current list data
2022-06-19T16:42:55+00:00 INFO  maltslist index Successfully queried database for current list data
2022-06-19T16:42:55+00:00 INFO  maltslist index Trying to query database for last timestamp
2022-06-19T16:42:55+00:00 INFO  maltslist index Successfully queried database for last timestamp
2022-06-19T16:43:07+00:00 INFO  maltslist update-entry update-entry.php POST request received
2022-06-19T16:43:07+00:00 INFO  maltslist update-entry Trying to query database for current list data
2022-06-19T16:43:07+00:00 INFO  maltslist update-entry Successfully queried database for current list data
2022-06-19T16:44:01+00:00 INFO  maltslist index Trying to query database for current list data
2022-06-19T16:44:01+00:00 INFO  maltslist index Successfully queried database for current list data
2022-06-19T16:44:01+00:00 INFO  maltslist index Trying to query database for last timestamp
2022-06-19T16:44:01+00:00 INFO  maltslist index Successfully queried database for last timestamp
2022-06-19T16:44:03+00:00 INFO  maltslist update-entry update-entry.php POST request received
2022-06-19T16:44:03+00:00 INFO  maltslist update-entry Trying to query database for current list data
2022-06-19T16:44:03+00:00 INFO  maltslist update-entry Successfully queried database for current list data
2022-06-19T16:44:06+00:00 INFO  maltslist index Trying to query database for current list data
2022-06-19T16:44:06+00:00 INFO  maltslist index Successfully queried database for current list data
2022-06-19T16:44:06+00:00 INFO  maltslist index Trying to query database for last timestamp
2022-06-19T16:44:06+00:00 INFO  maltslist index Successfully queried database for last timestamp
2022-06-19T16:44:11+00:00 INFO  maltslist update-entry update-entry.php POST request received
2022-06-19T16:44:11+00:00 INFO  maltslist update-entry Trying to query database for current list data
2022-06-19T16:44:11+00:00 INFO  maltslist update-entry Successfully queried database for current list data
2022-06-19T16:48:09+00:00 INFO  maltslist index Trying to query database for current list data
2022-06-19T16:48:09+00:00 INFO  maltslist index Successfully queried database for current list data
2022-06-19T16:48:09+00:00 INFO  maltslist index Trying to query database for last timestamp
2022-06-19T16:48:09+00:00 INFO  maltslist index Successfully queried database for last timestamp
2022-06-19T16:48:13+00:00 INFO  maltslist update-entry update-entry.php POST request received
2022-06-19T16:48:13+00:00 INFO  maltslist update-entry Trying to query database for current list data
2022-06-19T16:48:13+00:00 INFO  maltslist update-entry Successfully queried database for current list data
2022-06-19T16:48:16+00:00 INFO  maltslist update-entry update-entry.php POST request received
2022-06-19T16:48:16+00:00 INFO  maltslist update-entry Trying to query database for current list data
2022-06-19T16:48:16+00:00 INFO  maltslist update-entry Successfully queried database for current list data
2022-06-19T16:48:18+00:00 INFO  maltslist index Trying to query database for current list data
2022-06-19T16:48:18+00:00 INFO  maltslist index Successfully queried database for current list data
2022-06-19T16:48:18+00:00 INFO  maltslist index Trying to query database for last timestamp
2022-06-19T16:48:18+00:00 INFO  maltslist index Successfully queried database for last timestamp
2022-06-19T20:10:03+00:00 INFO  maltslist index Trying to query database for current list data
2022-06-19T20:10:03+00:00 INFO  maltslist index Successfully queried database for current list data
2022-06-19T20:10:03+00:00 INFO  maltslist index Trying to query database for last timestamp
2022-06-19T20:10:03+00:00 INFO  maltslist index Successfully queried database for last timestamp
2022-06-20T17:56:30+00:00 INFO  maltslist index Trying to query database for current list data
2022-06-20T17:56:30+00:00 INFO  maltslist index Successfully queried database for current list data
2022-06-20T17:56:30+00:00 INFO  maltslist index Trying to query database for last timestamp
2022-06-20T17:56:30+00:00 INFO  maltslist index Successfully queried database for last timestamp
2022-06-21T15:47:49+00:00 INFO  maltslist index Trying to query database for current list data
2022-06-21T15:47:49+00:00 INFO  maltslist index Successfully queried database for current list data
2022-06-21T15:47:49+00:00 INFO  maltslist index Trying to query database for last timestamp
2022-06-21T15:47:49+00:00 INFO  maltslist index Successfully queried database for last timestamp
2022-06-21T18:49:58+00:00 INFO  maltslist index Trying to query database for current list data
2022-06-21T18:49:58+00:00 INFO  maltslist index Successfully queried database for current list data
2022-06-21T18:49:58+00:00 INFO  maltslist index Trying to query database for last timestamp
2022-06-21T18:49:58+00:00 INFO  maltslist index Successfully queried database for last timestamp
2022-06-21T18:50:00+00:00 INFO  maltslist index Trying to query database for current list data
2022-06-21T18:50:00+00:00 INFO  maltslist index Successfully queried database for current list data
2022-06-21T18:50:00+00:00 INFO  maltslist index Trying to query database for last timestamp
2022-06-21T18:50:00+00:00 INFO  maltslist index Successfully queried database for last timestamp
2022-06-21T18:50:02+00:00 INFO  maltslist index Trying to query database for current list data
2022-06-21T18:50:02+00:00 INFO  maltslist index Successfully queried database for current list data
2022-06-21T18:50:02+00:00 INFO  maltslist index Trying to query database for last timestamp
2022-06-21T18:50:02+00:00 INFO  maltslist index Successfully queried database for last timestamp
2022-06-21T18:58:43+00:00 INFO  maltslist index Trying to query database for current list data
2022-06-21T18:58:43+00:00 INFO  maltslist index Successfully queried database for current list data
2022-06-21T18:58:43+00:00 INFO  maltslist index Trying to query database for last timestamp
2022-06-21T18:58:43+00:00 INFO  maltslist index Successfully queried database for last timestamp
2022-06-22T00:53:03+00:00 INFO  maltslist index Trying to query database for current list data
2022-06-22T00:53:03+00:00 INFO  maltslist index Successfully queried database for current list data
2022-06-22T00:53:03+00:00 INFO  maltslist index Trying to query database for last timestamp
2022-06-22T00:53:03+00:00 INFO  maltslist index Successfully queried database for last timestamp
2022-06-22T12:46:26+00:00 INFO  maltslist index Trying to query database for current list data
2022-06-22T12:46:26+00:00 INFO  maltslist index Successfully queried database for current list data
2022-06-22T12:46:26+00:00 INFO  maltslist index Trying to query database for last timestamp
2022-06-22T12:46:26+00:00 INFO  maltslist index Successfully queried database for last timestamp
2022-06-23T10:53:54+00:00 INFO  maltslist index Trying to query database for current list data
2022-06-23T10:53:54+00:00 INFO  maltslist index Successfully queried database for current list data
2022-06-23T10:53:54+00:00 INFO  maltslist index Trying to query database for last timestamp
2022-06-23T10:53:54+00:00 INFO  maltslist index Successfully queried database for last timestamp
2022-06-25T08:01:38+00:00 INFO  maltslist index Trying to query database for current list data
2022-06-25T08:01:38+00:00 INFO  maltslist index Successfully queried database for current list data
2022-06-25T08:01:38+00:00 INFO  maltslist index Trying to query database for last timestamp
2022-06-25T08:01:38+00:00 INFO  maltslist index Successfully queried database for last timestamp
2022-06-27T01:33:27+00:00 INFO  maltslist index Trying to query database for current list data
2022-06-27T01:33:27+00:00 INFO  maltslist index Successfully queried database for current list data
2022-06-27T01:33:27+00:00 INFO  maltslist index Trying to query database for last timestamp
2022-06-27T01:33:27+00:00 INFO  maltslist index Successfully queried database for last timestamp
2022-06-27T22:04:15+00:00 INFO  maltslist index Trying to query database for current list data
2022-06-27T22:04:15+00:00 INFO  maltslist index Successfully queried database for current list data
2022-06-27T22:04:15+00:00 INFO  maltslist index Trying to query database for last timestamp
2022-06-27T22:04:15+00:00 INFO  maltslist index Successfully queried database for last timestamp
2022-06-28T20:57:07+00:00 INFO  maltslist index Trying to query database for current list data
2022-06-28T20:57:07+00:00 INFO  maltslist index Successfully queried database for current list data
2022-06-28T20:57:07+00:00 INFO  maltslist index Trying to query database for last timestamp
2022-06-28T20:57:07+00:00 INFO  maltslist index Successfully queried database for last timestamp
2022-06-29T18:21:13+00:00 INFO  maltslist index Trying to query database for current list data
2022-06-29T18:21:13+00:00 INFO  maltslist index Successfully queried database for current list data
2022-06-29T18:21:13+00:00 INFO  maltslist index Trying to query database for last timestamp
2022-06-29T18:21:13+00:00 INFO  maltslist index Successfully queried database for last timestamp
2022-06-30T15:07:43+00:00 INFO  maltslist index Trying to query database for current list data
2022-06-30T15:07:43+00:00 INFO  maltslist index Successfully queried database for current list data
2022-06-30T15:07:43+00:00 INFO  maltslist index Trying to query database for last timestamp
2022-06-30T15:07:43+00:00 INFO  maltslist index Successfully queried database for last timestamp
2022-07-01T12:36:45+00:00 INFO  maltslist index Trying to query database for current list data
2022-07-01T12:36:45+00:00 INFO  maltslist index Successfully queried database for current list data
2022-07-01T12:36:45+00:00 INFO  maltslist index Trying to query database for last timestamp
2022-07-01T12:36:45+00:00 INFO  maltslist index Successfully queried database for last timestamp
2022-07-02T14:20:35+00:00 INFO  maltslist index Trying to query database for current list data
2022-07-02T14:20:35+00:00 INFO  maltslist index Successfully queried database for current list data
2022-07-02T14:20:35+00:00 INFO  maltslist index Trying to query database for last timestamp
2022-07-02T14:20:35+00:00 INFO  maltslist index Successfully queried database for last timestamp
2022-07-03T12:47:16+00:00 INFO  maltslist index Trying to query database for current list data
2022-07-03T12:47:16+00:00 INFO  maltslist index Successfully queried database for current list data
2022-07-03T12:47:16+00:00 INFO  maltslist index Trying to query database for last timestamp
2022-07-03T12:47:16+00:00 INFO  maltslist index Successfully queried database for last timestamp
2022-07-04T08:46:08+00:00 INFO  maltslist index Trying to query database for current list data
2022-07-04T08:46:08+00:00 INFO  maltslist index Successfully queried database for current list data
2022-07-04T08:46:08+00:00 INFO  maltslist index Trying to query database for last timestamp
2022-07-04T08:46:08+00:00 INFO  maltslist index Successfully queried database for last timestamp
2022-07-05T07:34:52+00:00 INFO  maltslist index Trying to query database for current list data
2022-07-05T07:34:52+00:00 INFO  maltslist index Successfully queried database for current list data
2022-07-05T07:34:52+00:00 INFO  maltslist index Trying to query database for last timestamp
2022-07-05T07:34:52+00:00 INFO  maltslist index Successfully queried database for last timestamp
2022-07-06T04:40:56+00:00 INFO  maltslist index Trying to query database for current list data
2022-07-06T04:40:56+00:00 INFO  maltslist index Successfully queried database for current list data
2022-07-06T04:40:56+00:00 INFO  maltslist index Trying to query database for last timestamp
2022-07-06T04:40:56+00:00 INFO  maltslist index Successfully queried database for last timestamp
2022-07-07T02:18:01+00:00 INFO  maltslist index Trying to query database for current list data
2022-07-07T02:18:01+00:00 INFO  maltslist index Successfully queried database for current list data
2022-07-07T02:18:01+00:00 INFO  maltslist index Trying to query database for last timestamp
2022-07-07T02:18:01+00:00 INFO  maltslist index Successfully queried database for last timestamp
2022-07-07T23:29:24+00:00 INFO  maltslist index Trying to query database for current list data
2022-07-07T23:29:24+00:00 INFO  maltslist index Successfully queried database for current list data
2022-07-07T23:29:24+00:00 INFO  maltslist index Trying to query database for last timestamp
2022-07-07T23:29:24+00:00 INFO  maltslist index Successfully queried database for last timestamp
2022-07-08T13:46:29+00:00 INFO  maltslist index Trying to query database for current list data
2022-07-08T13:46:29+00:00 INFO  maltslist index Successfully queried database for current list data
2022-07-08T13:46:29+00:00 INFO  maltslist index Trying to query database for last timestamp
2022-07-08T13:46:29+00:00 INFO  maltslist index Successfully queried database for last timestamp
2022-07-08T13:46:31+00:00 INFO  maltslist index Trying to query database for current list data
2022-07-08T13:46:31+00:00 INFO  maltslist index Successfully queried database for current list data
2022-07-08T13:46:31+00:00 INFO  maltslist index Trying to query database for last timestamp
2022-07-08T13:46:31+00:00 INFO  maltslist index Successfully queried database for last timestamp
2022-07-08T13:46:32+00:00 INFO  maltslist index Trying to query database for current list data
2022-07-08T13:46:32+00:00 INFO  maltslist index Successfully queried database for current list data
2022-07-08T13:46:32+00:00 INFO  maltslist index Trying to query database for last timestamp
2022-07-08T13:46:32+00:00 INFO  maltslist index Successfully queried database for last timestamp
2022-07-08T20:58:33+00:00 INFO  maltslist index Trying to query database for current list data
2022-07-08T20:58:33+00:00 INFO  maltslist index Successfully queried database for current list data
2022-07-08T20:58:33+00:00 INFO  maltslist index Trying to query database for last timestamp
2022-07-08T20:58:33+00:00 INFO  maltslist index Successfully queried database for last timestamp
2022-07-09T14:39:28+00:00 INFO  maltslist index Trying to query database for current list data
2022-07-09T14:39:28+00:00 INFO  maltslist index Successfully queried database for current list data
2022-07-09T14:39:28+00:00 INFO  maltslist index Trying to query database for last timestamp
2022-07-09T14:39:28+00:00 INFO  maltslist index Successfully queried database for last timestamp
2022-07-09T14:40:00+00:00 INFO  maltslist index Trying to query database for current list data
2022-07-09T14:40:00+00:00 INFO  maltslist index Successfully queried database for current list data
2022-07-09T14:40:00+00:00 INFO  maltslist index Trying to query database for last timestamp
2022-07-09T14:40:00+00:00 INFO  maltslist index Successfully queried database for last timestamp
2022-07-09T14:40:17+00:00 INFO  maltslist index Trying to query database for current list data
2022-07-09T14:40:17+00:00 INFO  maltslist index Successfully queried database for current list data
2022-07-09T14:40:17+00:00 INFO  maltslist index Trying to query database for last timestamp
2022-07-09T14:40:17+00:00 INFO  maltslist index Successfully queried database for last timestamp
2022-07-09T14:42:56+00:00 INFO  maltslist add-entry add-entry.php POST request received
2022-07-09T14:42:56+00:00 INFO  maltslist add-entry Trying to query database for current list data
2022-07-09T14:42:56+00:00 INFO  maltslist add-entry Successfully queried database for current list data
2022-07-09T14:42:56+00:00 INFO  maltslist add-entry Trying to check for add-entry or remove-entry
2022-07-09T14:42:56+00:00 INFO  maltslist add-entry Got add-entry
2022-07-09T14:42:56+00:00 INFO  maltslist add-entry Trying to INSERT new data to database
2022-07-09T14:42:56+00:00 INFO  maltslist add-entry Successfully added new entry: title - "sdfSDFSDF" to database
2022-07-09T14:42:56+00:00 INFO  maltslist index Trying to query database for current list data
2022-07-09T14:42:56+00:00 INFO  maltslist index Successfully queried database for current list data
2022-07-09T14:42:56+00:00 INFO  maltslist index Trying to query database for last timestamp
2022-07-09T14:42:56+00:00 INFO  maltslist index Successfully queried database for last timestamp
2022-07-09T14:43:36+00:00 INFO  maltslist update-entry update-entry.php POST request received
2022-07-09T14:43:36+00:00 INFO  maltslist update-entry Trying to query database for current list data
2022-07-09T14:43:36+00:00 INFO  maltslist update-entry Successfully queried database for current list data
2022-07-09T14:44:37+00:00 INFO  maltslist index Trying to query database for current list data
2022-07-09T14:44:37+00:00 INFO  maltslist index Successfully queried database for current list data
2022-07-09T14:44:37+00:00 INFO  maltslist index Trying to query database for last timestamp
2022-07-09T14:44:37+00:00 INFO  maltslist index Successfully queried database for last timestamp
2022-07-09T14:44:38+00:00 INFO  maltslist index Trying to query database for current list data
2022-07-09T14:44:38+00:00 INFO  maltslist index Successfully queried database for current list data
2022-07-09T14:44:38+00:00 INFO  maltslist index Trying to query database for last timestamp
2022-07-09T14:44:38+00:00 INFO  maltslist index Successfully queried database for last timestamp
2022-07-09T14:44:39+00:00 INFO  maltslist index Trying to query database for current list data
2022-07-09T14:44:39+00:00 INFO  maltslist index Successfully queried database for current list data
2022-07-09T14:44:39+00:00 INFO  maltslist index Trying to query database for last timestamp
2022-07-09T14:44:39+00:00 INFO  maltslist index Successfully queried database for last timestamp
2022-07-09T14:45:36+00:00 INFO  maltslist update-entry update-entry.php POST request received
2022-07-09T14:45:36+00:00 INFO  maltslist update-entry Trying to query database for current list data
2022-07-09T14:45:36+00:00 INFO  maltslist update-entry Successfully queried database for current list data
2022-07-09T14:48:58+00:00 INFO  maltslist update-entry update-entry.php POST request received
2022-07-09T14:48:58+00:00 INFO  maltslist update-entry Trying to query database for current list data
2022-07-09T14:48:58+00:00 INFO  maltslist update-entry Successfully queried database for current list data
2022-07-09T14:49:12+00:00 INFO  maltslist update-entry update-entry.php POST request received
2022-07-09T14:49:12+00:00 INFO  maltslist update-entry Trying to query database for current list data
2022-07-09T14:49:12+00:00 INFO  maltslist update-entry Successfully queried database for current list data
2022-07-09T14:49:49+00:00 INFO  maltslist update-entry update-entry.php POST request received
2022-07-09T14:49:49+00:00 INFO  maltslist update-entry Trying to query database for current list data
2022-07-09T14:49:49+00:00 INFO  maltslist update-entry Successfully queried database for current list data
2022-07-09T14:50:34+00:00 INFO  maltslist update-entry update-entry.php POST request received
2022-07-09T14:50:34+00:00 INFO  maltslist update-entry Trying to query database for current list data
2022-07-09T14:50:34+00:00 INFO  maltslist update-entry Successfully queried database for current list data
2022-07-09T14:51:26+00:00 INFO  maltslist update-entry update-entry.php POST request received
2022-07-09T14:51:26+00:00 INFO  maltslist update-entry Trying to query database for current list data
2022-07-09T14:51:26+00:00 INFO  maltslist update-entry Successfully queried database for current list data
2022-07-09T14:51:26+00:00 INFO  maltslist update-entry Trying to update database for index 42
2022-07-09T14:51:26+00:00 INFO  maltslist update-entry Successfully updated database for index 42
2022-07-09T14:51:26+00:00 INFO  maltslist index Trying to query database for current list data
2022-07-09T14:51:26+00:00 INFO  maltslist index Successfully queried database for current list data
2022-07-09T14:51:26+00:00 INFO  maltslist index Trying to query database for last timestamp
2022-07-09T14:51:26+00:00 INFO  maltslist index Successfully queried database for last timestamp
2022-07-09T14:51:30+00:00 INFO  maltslist update-entry update-entry.php POST request received
2022-07-09T14:51:30+00:00 INFO  maltslist update-entry Trying to query database for current list data
2022-07-09T14:51:30+00:00 INFO  maltslist update-entry Successfully queried database for current list data
2022-07-09T14:51:30+00:00 INFO  maltslist update-entry Trying to update database for index 15
2022-07-09T14:51:30+00:00 INFO  maltslist update-entry Successfully updated database for index 15
2022-07-09T14:51:30+00:00 INFO  maltslist index Trying to query database for current list data
2022-07-09T14:51:30+00:00 INFO  maltslist index Successfully queried database for current list data
2022-07-09T14:51:30+00:00 INFO  maltslist index Trying to query database for last timestamp
2022-07-09T14:51:30+00:00 INFO  maltslist index Successfully queried database for last timestamp
2022-07-09T14:51:30+00:00 INFO  maltslist update-entry update-entry.php POST request received
2022-07-09T14:51:30+00:00 INFO  maltslist update-entry Trying to query database for current list data
2022-07-09T14:51:30+00:00 INFO  maltslist update-entry Successfully queried database for current list data
2022-07-09T14:51:30+00:00 INFO  maltslist update-entry Trying to update database for index 12
2022-07-09T14:51:30+00:00 INFO  maltslist update-entry Successfully updated database for index 12
2022-07-09T14:51:30+00:00 INFO  maltslist index Trying to query database for current list data
2022-07-09T14:51:30+00:00 INFO  maltslist index Successfully queried database for current list data
2022-07-09T14:51:30+00:00 INFO  maltslist index Trying to query database for last timestamp
2022-07-09T14:51:30+00:00 INFO  maltslist index Successfully queried database for last timestamp
2022-07-09T14:51:31+00:00 INFO  maltslist update-entry update-entry.php POST request received
2022-07-09T14:51:31+00:00 INFO  maltslist update-entry Trying to query database for current list data
2022-07-09T14:51:31+00:00 INFO  maltslist update-entry Successfully queried database for current list data
2022-07-09T14:51:31+00:00 INFO  maltslist update-entry Trying to update database for index 13
2022-07-09T14:51:31+00:00 INFO  maltslist update-entry Successfully updated database for index 13
2022-07-09T14:51:31+00:00 INFO  maltslist index Trying to query database for current list data
2022-07-09T14:51:31+00:00 INFO  maltslist index Successfully queried database for current list data
2022-07-09T14:51:31+00:00 INFO  maltslist index Trying to query database for last timestamp
2022-07-09T14:51:31+00:00 INFO  maltslist index Successfully queried database for last timestamp
2022-07-09T14:51:31+00:00 INFO  maltslist update-entry update-entry.php POST request received
2022-07-09T14:51:31+00:00 INFO  maltslist update-entry Trying to query database for current list data
2022-07-09T14:51:31+00:00 INFO  maltslist update-entry Successfully queried database for current list data
2022-07-09T14:51:31+00:00 INFO  maltslist update-entry Trying to update database for index 14
2022-07-09T14:51:31+00:00 INFO  maltslist update-entry Successfully updated database for index 14
2022-07-09T14:51:31+00:00 INFO  maltslist index Trying to query database for current list data
2022-07-09T14:51:31+00:00 INFO  maltslist index Successfully queried database for current list data
2022-07-09T14:51:31+00:00 INFO  maltslist index Trying to query database for last timestamp
2022-07-09T14:51:31+00:00 INFO  maltslist index Successfully queried database for last timestamp
2022-07-09T14:51:33+00:00 INFO  maltslist index Trying to query database for current list data
2022-07-09T14:51:33+00:00 INFO  maltslist index Successfully queried database for current list data
2022-07-09T14:51:33+00:00 INFO  maltslist index Trying to query database for last timestamp
2022-07-09T14:51:33+00:00 INFO  maltslist index Successfully queried database for last timestamp
2022-07-09T14:51:34+00:00 INFO  maltslist index Trying to query database for current list data
2022-07-09T14:51:34+00:00 INFO  maltslist index Successfully queried database for current list data
2022-07-09T14:51:34+00:00 INFO  maltslist index Trying to query database for last timestamp
2022-07-09T14:51:34+00:00 INFO  maltslist index Successfully queried database for last timestamp
2022-07-09T14:53:45+00:00 INFO  maltslist update-entry update-entry.php POST request received
2022-07-09T14:53:45+00:00 INFO  maltslist update-entry Trying to query database for current list data
2022-07-09T14:53:45+00:00 INFO  maltslist update-entry Successfully queried database for current list data
2022-07-09T14:55:05+00:00 INFO  maltslist update-entry update-entry.php POST request received
2022-07-09T14:55:05+00:00 INFO  maltslist update-entry Trying to query database for current list data
2022-07-09T14:55:05+00:00 INFO  maltslist update-entry Successfully queried database for current list data
2022-07-09T14:55:05+00:00 FATAL maltslist update-entry Progress check failed. Can't go below 0 in progress
2022-07-09T14:55:05+00:00 INFO  maltslist index Trying to query database for current list data
2022-07-09T14:55:05+00:00 INFO  maltslist index Successfully queried database for current list data
2022-07-09T14:55:05+00:00 INFO  maltslist index Trying to query database for last timestamp
2022-07-09T14:55:05+00:00 INFO  maltslist index Successfully queried database for last timestamp
2022-07-09T14:55:13+00:00 INFO  maltslist update-entry update-entry.php POST request received
2022-07-09T14:55:13+00:00 INFO  maltslist update-entry Trying to query database for current list data
2022-07-09T14:55:13+00:00 INFO  maltslist update-entry Successfully queried database for current list data
2022-07-09T14:55:13+00:00 FATAL maltslist update-entry Progress check failed. Can't go below 0 in progress
2022-07-09T14:55:14+00:00 INFO  maltslist index Trying to query database for current list data
2022-07-09T14:55:14+00:00 INFO  maltslist index Successfully queried database for current list data
2022-07-09T14:55:14+00:00 INFO  maltslist index Trying to query database for last timestamp
2022-07-09T14:55:14+00:00 INFO  maltslist index Successfully queried database for last timestamp
2022-07-09T14:55:15+00:00 INFO  maltslist update-entry update-entry.php POST request received
2022-07-09T14:55:15+00:00 INFO  maltslist update-entry Trying to query database for current list data
2022-07-09T14:55:15+00:00 INFO  maltslist update-entry Successfully queried database for current list data
2022-07-09T14:55:15+00:00 INFO  maltslist update-entry Trying to update database for index 8
2022-07-09T14:55:15+00:00 INFO  maltslist update-entry Successfully updated database for index 8
2022-07-09T14:55:15+00:00 INFO  maltslist index Trying to query database for current list data
2022-07-09T14:55:15+00:00 INFO  maltslist index Successfully queried database for current list data
2022-07-09T14:55:15+00:00 INFO  maltslist index Trying to query database for last timestamp
2022-07-09T14:55:15+00:00 INFO  maltslist index Successfully queried database for last timestamp
2022-07-09T14:55:16+00:00 INFO  maltslist update-entry update-entry.php POST request received
2022-07-09T14:55:16+00:00 INFO  maltslist update-entry Trying to query database for current list data
2022-07-09T14:55:16+00:00 INFO  maltslist update-entry Successfully queried database for current list data
2022-07-09T14:55:16+00:00 INFO  maltslist update-entry Trying to update database for index 9
2022-07-09T14:55:16+00:00 INFO  maltslist update-entry Successfully updated database for index 9
2022-07-09T14:55:16+00:00 INFO  maltslist index Trying to query database for current list data
2022-07-09T14:55:16+00:00 INFO  maltslist index Successfully queried database for current list data
2022-07-09T14:55:16+00:00 INFO  maltslist index Trying to query database for last timestamp
2022-07-09T14:55:16+00:00 INFO  maltslist index Successfully queried database for last timestamp
2022-07-09T14:55:18+00:00 INFO  maltslist update-entry update-entry.php POST request received
2022-07-09T14:55:18+00:00 INFO  maltslist update-entry Trying to query database for current list data
2022-07-09T14:55:18+00:00 INFO  maltslist update-entry Successfully queried database for current list data
2022-07-09T14:55:18+00:00 FATAL maltslist update-entry Progress check failed. Can't go past the limit specified in progress_length
2022-07-09T14:55:18+00:00 INFO  maltslist index Trying to query database for current list data
2022-07-09T14:55:18+00:00 INFO  maltslist index Successfully queried database for current list data
2022-07-09T14:55:18+00:00 INFO  maltslist index Trying to query database for last timestamp
2022-07-09T14:55:18+00:00 INFO  maltslist index Successfully queried database for last timestamp
2022-07-09T14:55:25+00:00 INFO  maltslist update-entry update-entry.php POST request received
2022-07-09T14:55:25+00:00 INFO  maltslist update-entry Trying to query database for current list data
2022-07-09T14:55:25+00:00 INFO  maltslist update-entry Successfully queried database for current list data
2022-07-09T14:55:25+00:00 FATAL maltslist update-entry Progress check failed. Can't go below 0 in progress
2022-07-09T14:55:25+00:00 INFO  maltslist index Trying to query database for current list data
2022-07-09T14:55:25+00:00 INFO  maltslist index Successfully queried database for current list data
2022-07-09T14:55:25+00:00 INFO  maltslist index Trying to query database for last timestamp
2022-07-09T14:55:25+00:00 INFO  maltslist index Successfully queried database for last timestamp
2022-07-09T15:05:59+00:00 INFO  maltslist index Trying to query database for current list data
2022-07-09T15:05:59+00:00 INFO  maltslist index Successfully queried database for current list data
2022-07-09T15:05:59+00:00 INFO  maltslist index Trying to query database for last timestamp
2022-07-09T15:05:59+00:00 INFO  maltslist index Successfully queried database for last timestamp
2022-07-09T15:08:44+00:00 INFO  maltslist index Trying to query database for current list data
2022-07-09T15:08:44+00:00 INFO  maltslist index Successfully queried database for current list data
2022-07-09T15:08:44+00:00 INFO  maltslist index Trying to query database for last timestamp
2022-07-09T15:08:44+00:00 INFO  maltslist index Successfully queried database for last timestamp
2022-07-09T15:08:45+00:00 INFO  maltslist update-entry update-entry.php POST request received
2022-07-09T15:08:45+00:00 INFO  maltslist update-entry Trying to query database for current list data
2022-07-09T15:08:45+00:00 INFO  maltslist update-entry Successfully queried database for current list data
2022-07-09T15:08:45+00:00 INFO  maltslist update-entry Trying to update database for index 11
2022-07-09T15:09:05+00:00 INFO  maltslist update-entry update-entry.php POST request received
2022-07-09T15:09:05+00:00 INFO  maltslist update-entry Trying to query database for current list data
2022-07-09T15:09:05+00:00 INFO  maltslist update-entry Successfully queried database for current list data
2022-07-09T15:09:05+00:00 INFO  maltslist update-entry Trying to update database for index 11
2022-07-09T15:09:09+00:00 INFO  maltslist index Trying to query database for current list data
2022-07-09T15:09:09+00:00 INFO  maltslist index Successfully queried database for current list data
2022-07-09T15:09:09+00:00 INFO  maltslist index Trying to query database for last timestamp
2022-07-09T15:09:09+00:00 INFO  maltslist index Successfully queried database for last timestamp
2022-07-09T15:09:10+00:00 INFO  maltslist update-entry update-entry.php POST request received
2022-07-09T15:09:10+00:00 INFO  maltslist update-entry Trying to query database for current list data
2022-07-09T15:09:10+00:00 INFO  maltslist update-entry Successfully queried database for current list data
2022-07-09T15:09:10+00:00 INFO  maltslist update-entry Trying to update database for index 16
2022-07-09T15:10:33+00:00 INFO  maltslist update-entry update-entry.php POST request received
2022-07-09T15:10:33+00:00 INFO  maltslist update-entry Trying to query database for current list data
2022-07-09T15:10:33+00:00 INFO  maltslist update-entry Successfully queried database for current list data
2022-07-09T15:10:33+00:00 INFO  maltslist update-entry Trying to update database for index 16
2022-07-09T15:14:04+00:00 INFO  maltslist update-entry update-entry.php POST request received
2022-07-09T15:14:04+00:00 INFO  maltslist update-entry Trying to query database for current list data
2022-07-09T15:14:04+00:00 INFO  maltslist update-entry Successfully queried database for current list data
2022-07-09T15:14:04+00:00 INFO  maltslist update-entry Trying to update database for index 16
2022-07-09T15:14:04+00:00 INFO  maltslist update-entry Successfully updated database for index 16
2022-07-09T15:14:04+00:00 INFO  maltslist index Trying to query database for current list data
2022-07-09T15:14:04+00:00 INFO  maltslist index Successfully queried database for current list data
2022-07-09T15:14:04+00:00 INFO  maltslist index Trying to query database for last timestamp
2022-07-09T15:14:04+00:00 INFO  maltslist index Successfully queried database for last timestamp
2022-07-09T15:14:06+00:00 INFO  maltslist update-entry update-entry.php POST request received
2022-07-09T15:14:06+00:00 INFO  maltslist update-entry Trying to query database for current list data
2022-07-09T15:14:06+00:00 INFO  maltslist update-entry Successfully queried database for current list data
2022-07-09T15:14:06+00:00 INFO  maltslist update-entry Trying to update database for index 23
2022-07-09T15:14:06+00:00 INFO  maltslist update-entry Successfully updated database for index 23
2022-07-09T15:14:06+00:00 INFO  maltslist index Trying to query database for current list data
2022-07-09T15:14:06+00:00 INFO  maltslist index Successfully queried database for current list data
2022-07-09T15:14:06+00:00 INFO  maltslist index Trying to query database for last timestamp
2022-07-09T15:14:06+00:00 INFO  maltslist index Successfully queried database for last timestamp
2022-07-09T15:14:07+00:00 INFO  maltslist update-entry update-entry.php POST request received
2022-07-09T15:14:07+00:00 INFO  maltslist update-entry Trying to query database for current list data
2022-07-09T15:14:07+00:00 INFO  maltslist update-entry Successfully queried database for current list data
2022-07-09T15:14:07+00:00 INFO  maltslist update-entry Trying to update database for index 24
2022-07-09T15:14:07+00:00 INFO  maltslist update-entry Successfully updated database for index 24
2022-07-09T15:14:07+00:00 INFO  maltslist index Trying to query database for current list data
2022-07-09T15:14:07+00:00 INFO  maltslist index Successfully queried database for current list data
2022-07-09T15:14:07+00:00 INFO  maltslist index Trying to query database for last timestamp
2022-07-09T15:14:07+00:00 INFO  maltslist index Successfully queried database for last timestamp
2022-07-09T15:14:09+00:00 INFO  maltslist update-entry update-entry.php POST request received
2022-07-09T15:14:09+00:00 INFO  maltslist update-entry Trying to query database for current list data
2022-07-09T15:14:09+00:00 INFO  maltslist update-entry Successfully queried database for current list data
2022-07-09T15:14:09+00:00 INFO  maltslist update-entry Trying to update database for index 2
2022-07-09T15:14:09+00:00 INFO  maltslist update-entry Successfully updated database for index 2
2022-07-09T15:14:09+00:00 INFO  maltslist index Trying to query database for current list data
2022-07-09T15:14:09+00:00 INFO  maltslist index Successfully queried database for current list data
2022-07-09T15:14:09+00:00 INFO  maltslist index Trying to query database for last timestamp
2022-07-09T15:14:09+00:00 INFO  maltslist index Successfully queried database for last timestamp
2022-07-09T15:14:12+00:00 INFO  maltslist update-entry update-entry.php POST request received
2022-07-09T15:14:12+00:00 INFO  maltslist update-entry Trying to query database for current list data
2022-07-09T15:14:12+00:00 INFO  maltslist update-entry Successfully queried database for current list data
2022-07-09T15:14:12+00:00 INFO  maltslist update-entry Trying to update database for index 4
2022-07-09T15:14:12+00:00 INFO  maltslist update-entry Successfully updated database for index 4
2022-07-09T15:14:12+00:00 INFO  maltslist index Trying to query database for current list data
2022-07-09T15:14:12+00:00 INFO  maltslist index Successfully queried database for current list data
2022-07-09T15:14:12+00:00 INFO  maltslist index Trying to query database for last timestamp
2022-07-09T15:14:12+00:00 INFO  maltslist index Successfully queried database for last timestamp
2022-07-09T15:14:15+00:00 INFO  maltslist index Trying to query database for current list data
2022-07-09T15:14:15+00:00 INFO  maltslist index Successfully queried database for current list data
2022-07-09T15:14:15+00:00 INFO  maltslist index Trying to query database for last timestamp
2022-07-09T15:14:15+00:00 INFO  maltslist index Successfully queried database for last timestamp
2022-07-09T15:16:50+00:00 INFO  maltslist index Trying to query database for current list data
2022-07-09T15:16:50+00:00 INFO  maltslist index Successfully queried database for current list data
2022-07-09T15:16:50+00:00 INFO  maltslist index Trying to query database for last timestamp
2022-07-09T15:16:50+00:00 INFO  maltslist index Successfully queried database for last timestamp
